execve("./part1", ["./part1"], 0x7fff5aafdc70 /* 47 vars */) = 0
brk(NULL)                               = 0xb6f000
arch_prctl(0x3001 /* ARCH_??? */, 0x7ffd9be72bc0) = -1 EINVAL (Invalid argument)
mmap(NULL, 8192, PROT_READ|PROT_WRITE, MAP_PRIVATE|MAP_ANONYMOUS, -1, 0) = 0x7f64a7316000
access("/etc/ld.so.preload", R_OK)      = -1 ENOENT (No such file or directory)
openat(AT_FDCWD, "/usr/local/lib/glibc-hwcaps/x86-64-v3/libc.so.6", O_RDONLY|O_CLOEXEC) = -1 ENOENT (No such file or directory)
newfstatat(AT_FDCWD, "/usr/local/lib/glibc-hwcaps/x86-64-v3/", 0x7ffd9be71dd0, 0) = -1 ENOENT (No such file or directory)
openat(AT_FDCWD, "/usr/local/lib/glibc-hwcaps/x86-64-v2/libc.so.6", O_RDONLY|O_CLOEXEC) = -1 ENOENT (No such file or directory)
newfstatat(AT_FDCWD, "/usr/local/lib/glibc-hwcaps/x86-64-v2/", 0x7ffd9be71dd0, 0) = -1 ENOENT (No such file or directory)
openat(AT_FDCWD, "/usr/local/lib/libc.so.6", O_RDONLY|O_CLOEXEC) = -1 ENOENT (No such file or directory)
newfstatat(AT_FDCWD, "/usr/local/lib/", {st_mode=S_IFDIR|0755, st_size=4096, ...}, 0) = 0
openat(AT_FDCWD, "/usr/lib/glibc-hwcaps/x86-64-v3/libc.so.6", O_RDONLY|O_CLOEXEC) = -1 ENOENT (No such file or directory)
newfstatat(AT_FDCWD, "/usr/lib/glibc-hwcaps/x86-64-v3/", 0x7ffd9be71dd0, 0) = -1 ENOENT (No such file or directory)
openat(AT_FDCWD, "/usr/lib/glibc-hwcaps/x86-64-v2/libc.so.6", O_RDONLY|O_CLOEXEC) = -1 ENOENT (No such file or directory)
newfstatat(AT_FDCWD, "/usr/lib/glibc-hwcaps/x86-64-v2/", 0x7ffd9be71dd0, 0) = -1 ENOENT (No such file or directory)
openat(AT_FDCWD, "/usr/lib/libc.so.6", O_RDONLY|O_CLOEXEC) = -1 ENOENT (No such file or directory)
newfstatat(AT_FDCWD, "/usr/lib/", {st_mode=S_IFDIR|0555, st_size=4096, ...}, 0) = 0
openat(AT_FDCWD, "/opt/sfw/lib/glibc-hwcaps/x86-64-v3/libc.so.6", O_RDONLY|O_CLOEXEC) = -1 ENOENT (No such file or directory)
newfstatat(AT_FDCWD, "/opt/sfw/lib/glibc-hwcaps/x86-64-v3/", 0x7ffd9be71dd0, 0) = -1 ENOENT (No such file or directory)
openat(AT_FDCWD, "/opt/sfw/lib/glibc-hwcaps/x86-64-v2/libc.so.6", O_RDONLY|O_CLOEXEC) = -1 ENOENT (No such file or directory)
newfstatat(AT_FDCWD, "/opt/sfw/lib/glibc-hwcaps/x86-64-v2/", 0x7ffd9be71dd0, 0) = -1 ENOENT (No such file or directory)
openat(AT_FDCWD, "/opt/sfw/lib/libc.so.6", O_RDONLY|O_CLOEXEC) = -1 ENOENT (No such file or directory)
newfstatat(AT_FDCWD, "/opt/sfw/lib/", 0x7ffd9be71dd0, 0) = -1 ENOENT (No such file or directory)
openat(AT_FDCWD, "/usr/sfw/lib/glibc-hwcaps/x86-64-v3/libc.so.6", O_RDONLY|O_CLOEXEC) = -1 ENOENT (No such file or directory)
newfstatat(AT_FDCWD, "/usr/sfw/lib/glibc-hwcaps/x86-64-v3/", 0x7ffd9be71dd0, 0) = -1 ENOENT (No such file or directory)
openat(AT_FDCWD, "/usr/sfw/lib/glibc-hwcaps/x86-64-v2/libc.so.6", O_RDONLY|O_CLOEXEC) = -1 ENOENT (No such file or directory)
newfstatat(AT_FDCWD, "/usr/sfw/lib/glibc-hwcaps/x86-64-v2/", 0x7ffd9be71dd0, 0) = -1 ENOENT (No such file or directory)
openat(AT_FDCWD, "/usr/sfw/lib/libc.so.6", O_RDONLY|O_CLOEXEC) = -1 ENOENT (No such file or directory)
newfstatat(AT_FDCWD, "/usr/sfw/lib/", 0x7ffd9be71dd0, 0) = -1 ENOENT (No such file or directory)
openat(AT_FDCWD, "/usr/ccs/lib/glibc-hwcaps/x86-64-v3/libc.so.6", O_RDONLY|O_CLOEXEC) = -1 ENOENT (No such file or directory)
newfstatat(AT_FDCWD, "/usr/ccs/lib/glibc-hwcaps/x86-64-v3/", 0x7ffd9be71dd0, 0) = -1 ENOENT (No such file or directory)
openat(AT_FDCWD, "/usr/ccs/lib/glibc-hwcaps/x86-64-v2/libc.so.6", O_RDONLY|O_CLOEXEC) = -1 ENOENT (No such file or directory)
newfstatat(AT_FDCWD, "/usr/ccs/lib/glibc-hwcaps/x86-64-v2/", 0x7ffd9be71dd0, 0) = -1 ENOENT (No such file or directory)
openat(AT_FDCWD, "/usr/ccs/lib/libc.so.6", O_RDONLY|O_CLOEXEC) = -1 ENOENT (No such file or directory)
newfstatat(AT_FDCWD, "/usr/ccs/lib/", 0x7ffd9be71dd0, 0) = -1 ENOENT (No such file or directory)
openat(AT_FDCWD, "/etc/ld.so.cache", O_RDONLY|O_CLOEXEC) = 3
newfstatat(3, "", {st_mode=S_IFREG|0644, st_size=59379, ...}, AT_EMPTY_PATH) = 0
mmap(NULL, 59379, PROT_READ, MAP_PRIVATE, 3, 0) = 0x7f64a7307000
close(3)                                = 0
openat(AT_FDCWD, "/lib64/libc.so.6", O_RDONLY|O_CLOEXEC) = 3
read(3, "\177ELF\2\1\1\3\0\0\0\0\0\0\0\0\3\0>\0\1\0\0\0 \203\2\0\0\0\0\0"..., 832) = 832
pread64(3, "\6\0\0\0\4\0\0\0@\0\0\0\0\0\0\0@\0\0\0\0\0\0\0@\0\0\0\0\0\0\0"..., 784, 64) = 784
newfstatat(3, "", {st_mode=S_IFREG|0755, st_size=2420152, ...}, AT_EMPTY_PATH) = 0
pread64(3, "\6\0\0\0\4\0\0\0@\0\0\0\0\0\0\0@\0\0\0\0\0\0\0@\0\0\0\0\0\0\0"..., 784, 64) = 784
mmap(NULL, 1973104, PROT_READ, MAP_PRIVATE|MAP_DENYWRITE, 3, 0) = 0x7f64a7125000
mmap(0x7f64a714b000, 1441792, PROT_READ|PROT_EXEC, MAP_PRIVATE|MAP_FIXED|MAP_DENYWRITE, 3, 0x26000) = 0x7f64a714b000
mmap(0x7f64a72ab000, 319488, PROT_READ, MAP_PRIVATE|MAP_FIXED|MAP_DENYWRITE, 3, 0x186000) = 0x7f64a72ab000
mmap(0x7f64a72f9000, 24576, PROT_READ|PROT_WRITE, MAP_PRIVATE|MAP_FIXED|MAP_DENYWRITE, 3, 0x1d3000) = 0x7f64a72f9000
mmap(0x7f64a72ff000, 31600, PROT_READ|PROT_WRITE, MAP_PRIVATE|MAP_FIXED|MAP_ANONYMOUS, -1, 0) = 0x7f64a72ff000
close(3)                                = 0
mmap(NULL, 12288, PROT_READ|PROT_WRITE, MAP_PRIVATE|MAP_ANONYMOUS, -1, 0) = 0x7f64a7122000
arch_prctl(ARCH_SET_FS, 0x7f64a7122740) = 0
set_tid_address(0x7f64a7122a10)         = 1761101
set_robust_list(0x7f64a7122a20, 24)     = 0
rseq(0x7f64a7123060, 0x20, 0, 0x53053053) = 0
mprotect(0x7f64a72f9000, 16384, PROT_READ) = 0
mprotect(0x403000, 4096, PROT_READ)     = 0
mprotect(0x7f64a734a000, 8192, PROT_READ) = 0
prlimit64(0, RLIMIT_STACK, NULL, {rlim_cur=8192*1024, rlim_max=RLIM64_INFINITY}) = 0
munmap(0x7f64a7307000, 59379)           = 0
clone(child_stack=NULL, flags=CLONE_CHILD_CLEARTID|CLONE_CHILD_SETTID|SIGCHLD, child_tidptr=0x7f64a7122a10) = 1761102
wait4(-1, NULL, 0, NULL)                = 1761102
--- SIGCHLD {si_signo=SIGCHLD, si_code=CLD_EXITED, si_pid=1761102, si_uid=54243, si_status=0, si_utime=0, si_stime=0} ---
wait4(-1, NULL, 0, NULL)                = -1 ECHILD (No child processes)
clone(child_stack=NULL, flags=CLONE_CHILD_CLEARTID|CLONE_CHILD_SETTID|SIGCHLD, child_tidptr=0x7f64a7122a10) = 1761104
exit_group(0)                           = ?
+++ exited with 0 +++
